     seriesuid  true_coordX  true_coordY  true_coordZ  true_diameter_mm  \
0   LKDS-00002   103.620023   131.044922   136.699997         13.064793   
1   LKDS-00006    70.732216   112.209049   288.200002         12.880160   
2   LKDS-00008   109.485944   144.644993   192.099976          8.121292   
3   LKDS-00009    76.993750   214.995313   626.200012          4.661905   
4   LKDS-00010   111.182780   217.531738   275.400024          4.433974   
5   LKDS-00014    59.208774   125.583715   285.000000         15.428432   
6   LKDS-00017    69.650866    75.584302   190.666783         33.761240   
7   LKDS-00018   138.030039    20.790940   164.125000          9.094874   
8   LKDS-00024    66.846368   119.005316   390.099976          6.998435   
9   LKDS-00032    40.089052   180.993663   312.099976          9.114821   
10  LKDS-00045    78.190727   232.349694   467.299927          7.590116   
11  LKDS-00048    79.651049   242.874932   640.874939          9.579452   
12  LKDS-00055    90.699777   187.291853    91.800007          7.350116   
13  LKDS-00055    90.835300   186.864823    91.200007          7.244478   
14  LKDS-00059    24.606445   200.155273   801.399963          5.922600   
15  LKDS-00059   109.077100   207.484104   879.399963          7.189572   
16  LKDS-00060    88.659579    84.584851   488.999993          8.130062   
17  LKDS-00067   109.586295   199.363687   115.399994         17.165351   
18  LKDS-00069    61.527520   116.010181  1561.000000         12.988706   
19  LKDS-00070    69.626401    67.406118  1625.000000         20.530378   
20  LKDS-00071    94.533717   226.982730   717.500061          6.877862   
21  LKDS-00071    52.994198   178.911104   666.500061          7.051528   
22  LKDS-00072    37.950468    56.457716   149.000000         13.823967   
23  LKDS-00072    30.456348    73.208846    94.000000         18.275705   
24  LKDS-00072    53.788201    40.800707   116.500000          4.508630   
25  LKDS-00072    65.660805    51.338012    99.000000          7.202441   
26  LKDS-00072    67.460071    77.685460   145.250000          4.627256   
27  LKDS-00080    53.427383    33.279564    48.000000         20.585578   
28  LKDS-00086    46.830165    84.248940    77.599976         23.937206   
29  LKDS-00113    59.966944    38.714575    85.000000         11.293446   
..         ...          ...          ...          ...               ...   
70  LKDS-00276   130.309231    49.039444   238.500000          7.798562   
71  LKDS-00282    68.598248    87.922245    44.900002         17.350682   
72  LKDS-00288    39.745712   182.777975   333.188775         24.770736   
73  LKDS-00310    64.447976   153.592685     9.900001          6.758490   
74  LKDS-00311    69.889147    25.717905   118.750000          9.631856   
75  LKDS-00317    91.434867   150.503648   942.400024         10.577700   
76  LKDS-00318    82.903320   225.293945  1081.700006          6.359034   
77  LKDS-00324    78.597117   106.287505  1228.400003         12.962351   
78  LKDS-00327    95.522159   121.972303  1413.000009         13.342323   
79  LKDS-00329    74.544689    43.606402   136.250000         27.689908   
80  LKDS-00338    88.831321   227.931108   342.849976          5.243143   
81  LKDS-00340    27.142367    55.591579   124.125000         18.445437   
82  LKDS-00343    88.282603   170.115794   205.099976         22.661684   
83  LKDS-00344    38.606750    91.152588    60.699951          5.530386   
84  LKDS-00351   111.242620   148.004961     7.700003         15.813154   
85  LKDS-00351   124.001973   157.307697    35.000002          5.611546   
86  LKDS-00351    34.446487   121.740684    69.999996         10.831688   
87  LKDS-00351    50.761097   103.099343   125.300001          5.223732   
88  LKDS-00351    50.105904    69.012273    37.799997         23.304124   
89  LKDS-00353    39.584911    78.917254    72.625000         13.960660   
90  LKDS-00354    52.377215    97.607966  1175.799953          7.081427   
91  LKDS-00365   113.929443    91.072021  1022.200012          5.311268   
92  LKDS-00367    37.298066    50.730619   139.250000         15.543115   
93  LKDS-00370    28.639974   138.143229   908.399963          5.873012   
94  LKDS-00372   122.787037   121.652778  1748.500000          9.699244   
95  LKDS-00372   122.836167   121.616958  1749.500000          8.961203   
96  LKDS-00376    47.897458     4.430369    32.375000         17.194429   
97  LKDS-00380    76.635027    60.689758    91.000000          6.984210   
98  LKDS-00380    83.465736    80.883465   227.250000         19.136157   
99  LKDS-00380    90.060208    89.945162   134.750000          5.076000   

    pred_coordX  pred_coordY  pred_coordZ  pred_diameter_mm  
0    108.977764   146.184836   135.999997          2.549610  
1     67.657948   116.564234   287.500002          2.500100  
2     81.410120   168.355535   191.099980          4.652542  
3    110.570280   210.441479   626.200000          4.072162  
4     65.300703   171.351482   275.400000          2.304986  
5    102.009629   121.402249   286.000000         16.324926  
6     48.089491    67.183636   189.250000         22.125713  
7     95.218750    50.000000   164.750000          6.519302  
8     42.648512   157.011775   390.100000         13.147796  
9     68.765625   195.968750   312.100000         14.331266  
10    61.421956   243.828212   467.300000         11.810904  
11    59.902422   244.929776   641.500000          7.106435  
12    89.607593   154.302929    91.800007          5.831052  
13    89.607593   154.302929    91.800007          5.831052  
14    66.390502   197.867077   800.400000          1.500100  
15   101.839703   212.755742   880.400000          4.743516  
16    83.413875    65.101750   489.599993          2.577041  
17   109.036311   200.565615   115.400000         14.317922  
18    64.203500   112.922250  1560.000000         11.236202  
19    44.174995   160.993329  1626.000000         15.882481  
20    73.371052   219.535234   717.500000          2.500100  
21    72.234468   169.632873   665.500000          4.743516  
22    40.721796    27.460867   149.000000          6.500100  
23    63.340670    62.148478    92.750000         12.649211  
24    56.114110    27.460867   116.500000          6.964294  
25    73.457854    51.308516    94.000000          7.159011  
26    66.737412    68.652260   144.000000         28.754749  
27    37.968750    17.578125    49.250000         19.678768  
28    62.531164   191.071268    77.600000          3.905225  
29    53.971875    56.953125    86.250000         14.554502  
..          ...          ...          ...               ...  
70   112.217981    19.304654   238.500000          3.300195  
71    70.604443   104.543838    44.900000          5.590270  
72    58.628883   200.529333   333.300000         27.892750  
73    64.775886   145.140102    10.600001          8.500100  
74    91.875000    25.781250   118.125000         15.799862  
75    71.851518   120.543023   941.400000          7.147100  
76    82.805857   185.762885  1082.300006          8.066647  
77    71.767540    94.673854  1228.400003          2.500100  
78    92.047621    97.852245  1413.000009          3.846640  
79    50.768750    23.437500   136.250000          3.642265  
80    51.839926   211.089911   343.475000          9.021170  
81    74.218750    72.656250   124.125000         22.743231  
82    71.523398   173.027415   204.100000         26.187288  
83    83.656164   206.308520    60.700000          8.860123  
84   118.483123   132.459733    34.300002          3.807986  
85   118.483123   132.459733    34.300002          3.807986  
86    56.080811   104.725372    70.699996         15.953156  
87    56.936709    97.791782   126.000001         11.014448  
88    70.641351    91.551551    34.300002         18.113956  
89    52.174916    70.507980    72.000000          1.581239  
90    72.262244   104.675313  1175.200002         12.550014  
91    67.349537   235.543094  1023.200000          3.640155  
92    32.790162    28.629013   140.500000          5.831052  
93    67.349483   201.697160   909.400000          4.031229  
94    65.140250   112.828500  1749.500000          5.408427  
95    65.140250   112.828500  1749.500000          5.408427  
96    77.187672    33.398581    33.000000          8.649963  
97    53.296803    50.267511    92.250000         11.011457  
98    82.437443    69.937626   227.250000         20.662739  
99    78.794863    10.927831   136.000000          9.219645  

[100 rows x 9 columns]
======================================Mean of lung nodule prediction error====================================
Mean of CoordX Error: -0.339
Mean of CoordY Error: -2.886
Mean of CoordZ Error: -0.260
Mean of Diameter_mm Error: 1.780
====================================Standard deviation  of lung nodule prediction error=======================
Standard deviation of CoordX Error: 26.700
Standard deviation of CoordY Error: 34.086
Standard deviation of CoordZ Error: 2.830
Standard deviation of Diameter_mm Error: 7.999
=====================================Variance of lung nodule prediction error=================================
Variance of CoordX Error: 712.897
Variance of CoordY Error: 1161.847
Variance of CoordZ Error: 8.011
Variance of Diameter_mm Error: 63.983
===========================================MSE of lung nodule prediction=====================================
Mean Square Error of CoordX: 713.012
Mean Square Error of CoordY: 1170.173
Mean Square Error of CoordZ: 8.079
Mean Square Error of Diameter_mm: 67.151
